2018-05-08 17:30:36:689 INFO - [ _(:3」∠)_ ] c.b.s.n.NettyServer       | Environment: jdk.version    => 1.8.0_162
2018-05-08 17:30:36:700 INFO - [ _(:3」∠)_ ] c.b.s.n.NettyServer       | Environment: user.dir       => E:\MyBlog\MyStory
2018-05-08 17:30:36:700 INFO - [ _(:3」∠)_ ] c.b.s.n.NettyServer       | Environment: java.io.tmpdir => C:\Users\tiger\AppData\Local\Temp\
2018-05-08 17:30:36:700 INFO - [ _(:3」∠)_ ] c.b.s.n.NettyServer       | Environment: user.timezone  => Asia/Shanghai
2018-05-08 17:30:36:701 INFO - [ _(:3」∠)_ ] c.b.s.n.NettyServer       | Environment: file.encoding  => UTF-8
2018-05-08 17:30:36:701 INFO - [ _(:3」∠)_ ] c.b.s.n.NettyServer       | Environment: classpath      => E:\MyBlog\MyStory\target\classes
2018-05-08 17:30:37:029 INFO - [ _(:3」∠)_ ] c.b.m.r.RouteMatcher      | Add route => GET	/admin
2018-05-08 17:30:37:030 INFO - [ _(:3」∠)_ ] c.b.m.r.RouteMatcher      | Add route => GET	/feed.xml
2018-05-08 17:30:37:030 INFO - [ _(:3」∠)_ ] c.b.m.r.RouteMatcher      | Add route => GET	/atom.xml
2018-05-08 17:30:37:030 INFO - [ _(:3」∠)_ ] c.b.m.r.RouteMatcher      | Add route => GET	/categories.html
2018-05-08 17:30:37:030 INFO - [ _(:3」∠)_ ] c.b.m.r.RouteMatcher      | Add route => GET	/admin/page/new
2018-05-08 17:30:37:030 INFO - [ _(:3」∠)_ ] c.b.m.r.RouteMatcher      | Add route => GET	/admin/article
2018-05-08 17:30:37:030 INFO - [ _(:3」∠)_ ] c.b.m.r.RouteMatcher      | Add route => GET	/tags
2018-05-08 17:30:37:030 INFO - [ _(:3」∠)_ ] c.b.m.r.RouteMatcher      | Add route => GET	/feed
2018-05-08 17:30:37:030 INFO - [ _(:3」∠)_ ] c.b.m.r.RouteMatcher      | Add route => GET	/admin/index
2018-05-08 17:30:37:030 INFO - [ _(:3」∠)_ ] c.b.m.r.RouteMatcher      | Add route => POST	/admin/attach/upload
2018-05-08 17:30:37:031 INFO - [ _(:3」∠)_ ] c.b.m.r.RouteMatcher      | Add route => POST	/admin/page/publish
2018-05-08 17:30:37:031 INFO - [ _(:3」∠)_ ] c.b.m.r.RouteMatcher      | Add route => POST	/admin/article/publish
2018-05-08 17:30:37:031 INFO - [ _(:3」∠)_ ] c.b.m.r.RouteMatcher      | Add route => GET	/category/:keyword/:page.html
2018-05-08 17:30:37:031 INFO - [ _(:3」∠)_ ] c.b.m.r.RouteMatcher      | Add route => POST	/admin/comments/delete
2018-05-08 17:30:37:031 INFO - [ _(:3」∠)_ ] c.b.m.r.RouteMatcher      | Add route => GET	/admin/template/content
2018-05-08 17:30:37:031 INFO - [ _(:3」∠)_ ] c.b.m.r.RouteMatcher      | Add route => GET	/admin/article/publish
2018-05-08 17:30:37:031 INFO - [ _(:3」∠)_ ] c.b.m.r.RouteMatcher      | Add route => POST	/admin/template/save
2018-05-08 17:30:37:031 INFO - [ _(:3」∠)_ ] c.b.m.r.RouteMatcher      | Add route => POST	/admin/category/save
2018-05-08 17:30:37:031 INFO - [ _(:3」∠)_ ] c.b.m.r.RouteMatcher      | Add route => GET	/admin/attach
2018-05-08 17:30:37:031 INFO - [ _(:3」∠)_ ] c.b.m.r.RouteMatcher      | Add route => POST	/admin/profile
2018-05-08 17:30:37:031 INFO - [ _(:3」∠)_ ] c.b.m.r.RouteMatcher      | Add route => GET	/page/:page
2018-05-08 17:30:37:031 INFO - [ _(:3」∠)_ ] c.b.m.r.RouteMatcher      | Add route => GET	/admin/profile
2018-05-08 17:30:37:033 INFO - [ _(:3」∠)_ ] c.b.m.r.RouteMatcher      | Add route => POST	/admin/comments
2018-05-08 17:30:37:033 INFO - [ _(:3」∠)_ ] c.b.m.r.RouteMatcher      | Add route => GET	/categories
2018-05-08 17:30:37:033 INFO - [ _(:3」∠)_ ] c.b.m.r.RouteMatcher      | Add route => GET	/search.html
2018-05-08 17:30:37:033 INFO - [ _(:3」∠)_ ] c.b.m.r.RouteMatcher      | Add route => POST	/admin/advanced
2018-05-08 17:30:37:033 INFO - [ _(:3」∠)_ ] c.b.m.r.RouteMatcher      | Add route => GET	/admin/login
2018-05-08 17:30:37:034 INFO - [ _(:3」∠)_ ] c.b.m.r.RouteMatcher      | Add route => GET	/admin/themes/setting
2018-05-08 17:30:37:034 INFO - [ _(:3」∠)_ ] c.b.m.r.RouteMatcher      | Add route => POST	/install
2018-05-08 17:30:37:034 INFO - [ _(:3」∠)_ ] c.b.m.r.RouteMatcher      | Add route => GET	/admin/themes
2018-05-08 17:30:37:034 INFO - [ _(:3」∠)_ ] c.b.m.r.RouteMatcher      | Add route => GET	/article/:cid.html
2018-05-08 17:30:37:034 INFO - [ _(:3」∠)_ ] c.b.m.r.RouteMatcher      | Add route => POST	/admin/page/modify
2018-05-08 17:30:37:034 INFO - [ _(:3」∠)_ ] c.b.m.r.RouteMatcher      | Add route => GET	/tags.html
2018-05-08 17:30:37:034 INFO - [ _(:3」∠)_ ] c.b.m.r.RouteMatcher      | Add route => ALL	/admin/attach/delete
2018-05-08 17:30:37:034 INFO - [ _(:3」∠)_ ] c.b.m.r.RouteMatcher      | Add route => GET	/admin/page
2018-05-08 17:30:37:034 INFO - [ _(:3」∠)_ ] c.b.m.r.RouteMatcher      | Add route => GET	/sitemap
2018-05-08 17:30:37:034 INFO - [ _(:3」∠)_ ] c.b.m.r.RouteMatcher      | Add route => GET	/
2018-05-08 17:30:37:035 INFO - [ _(:3」∠)_ ] c.b.m.r.RouteMatcher      | Add route => GET	/search
2018-05-08 17:30:37:035 INFO - [ _(:3」∠)_ ] c.b.m.r.RouteMatcher      | Add route => GET	/admin/template
2018-05-08 17:30:37:035 INFO - [ _(:3」∠)_ ] c.b.m.r.RouteMatcher      | Add route => GET	/sitemap.xml
2018-05-08 17:30:37:035 INFO - [ _(:3」∠)_ ] c.b.m.r.RouteMatcher      | Add route => POST	/admin/password
2018-05-08 17:30:37:035 INFO - [ _(:3」∠)_ ] c.b.m.r.RouteMatcher      | Add route => GET	/:cid.html
2018-05-08 17:30:37:035 INFO - [ _(:3」∠)_ ] c.b.m.r.RouteMatcher      | Add route => GET	/admin/page/:cid
2018-05-08 17:30:37:035 INFO - [ _(:3」∠)_ ] c.b.m.r.RouteMatcher      | Add route => GET	/admin/category
2018-05-08 17:30:37:036 INFO - [ _(:3」∠)_ ] c.b.m.r.RouteMatcher      | Add route => GET	/search/:keyword/:page
2018-05-08 17:30:37:036 INFO - [ _(:3」∠)_ ] c.b.m.r.RouteMatcher      | Add route => GET	/category/:keyword/:page
2018-05-08 17:30:37:036 INFO - [ _(:3」∠)_ ] c.b.m.r.RouteMatcher      | Add route => ALL	/admin/page/delete
2018-05-08 17:30:37:036 INFO - [ _(:3」∠)_ ] c.b.m.r.RouteMatcher      | Add route => GET	/tag/:name/:page
2018-05-08 17:30:37:036 INFO - [ _(:3」∠)_ ] c.b.m.r.RouteMatcher      | Add route => ALL	/logout
2018-05-08 17:30:37:036 INFO - [ _(:3」∠)_ ] c.b.m.r.RouteMatcher      | Add route => ALL	/admin/article/delete
2018-05-08 17:30:37:036 INFO - [ _(:3」∠)_ ] c.b.m.r.RouteMatcher      | Add route => GET	/tag/:name.html
2018-05-08 17:30:37:037 INFO - [ _(:3」∠)_ ] c.b.m.r.RouteMatcher      | Add route => GET	/page/:page.html
2018-05-08 17:30:37:037 INFO - [ _(:3」∠)_ ] c.b.m.r.RouteMatcher      | Add route => GET	/admin/comments
2018-05-08 17:30:37:037 INFO - [ _(:3」∠)_ ] c.b.m.r.RouteMatcher      | Add route => GET	/search/:keyword.html
2018-05-08 17:30:37:037 INFO - [ _(:3」∠)_ ] c.b.m.r.RouteMatcher      | Add route => POST	/admin/setting
2018-05-08 17:30:37:037 INFO - [ _(:3」∠)_ ] c.b.m.r.RouteMatcher      | Add route => GET	/search/:keyword/:page.html
2018-05-08 17:30:37:037 INFO - [ _(:3」∠)_ ] c.b.m.r.RouteMatcher      | Add route => GET	/archives.html
2018-05-08 17:30:37:037 INFO - [ _(:3」∠)_ ] c.b.m.r.RouteMatcher      | Add route => POST	/comment
2018-05-08 17:30:37:037 INFO - [ _(:3」∠)_ ] c.b.m.r.RouteMatcher      | Add route => GET	/archives
2018-05-08 17:30:37:037 INFO - [ _(:3」∠)_ ] c.b.m.r.RouteMatcher      | Add route => GET	/tag/:name
2018-05-08 17:30:37:037 INFO - [ _(:3」∠)_ ] c.b.m.r.RouteMatcher      | Add route => GET	/article/:cid
2018-05-08 17:30:37:038 INFO - [ _(:3」∠)_ ] c.b.m.r.RouteMatcher      | Add route => GET	/admin/article/:cid
2018-05-08 17:30:37:038 INFO - [ _(:3」∠)_ ] c.b.m.r.RouteMatcher      | Add route => GET	/category/:keyword.html
2018-05-08 17:30:37:038 INFO - [ _(:3」∠)_ ] c.b.m.r.RouteMatcher      | Add route => GET	/install
2018-05-08 17:30:37:038 INFO - [ _(:3」∠)_ ] c.b.m.r.RouteMatcher      | Add route => POST	/admin/login
2018-05-08 17:30:37:038 INFO - [ _(:3」∠)_ ] c.b.m.r.RouteMatcher      | Add route => POST	/admin/themes/setting
2018-05-08 17:30:37:038 INFO - [ _(:3」∠)_ ] c.b.m.r.RouteMatcher      | Add route => ALL	/admin/category/delete
2018-05-08 17:30:37:038 INFO - [ _(:3」∠)_ ] c.b.m.r.RouteMatcher      | Add route => POST	/admin/comments/status
2018-05-08 17:30:37:038 INFO - [ _(:3」∠)_ ] c.b.m.r.RouteMatcher      | Add route => GET	/:cid
2018-05-08 17:30:37:039 INFO - [ _(:3」∠)_ ] c.b.m.r.RouteMatcher      | Add route => GET	/admin/setting
2018-05-08 17:30:37:039 INFO - [ _(:3」∠)_ ] c.b.m.r.RouteMatcher      | Add route => POST	/admin/article/modify
2018-05-08 17:30:37:039 INFO - [ _(:3」∠)_ ] c.b.m.r.RouteMatcher      | Add route => GET	/admin/reload
2018-05-08 17:30:37:039 INFO - [ _(:3」∠)_ ] c.b.m.r.RouteMatcher      | Add route => POST	/admin/themes/active
2018-05-08 17:30:37:039 INFO - [ _(:3」∠)_ ] c.b.m.r.RouteMatcher      | Add route => GET	/tag/:name/:page.html
2018-05-08 17:30:37:039 INFO - [ _(:3」∠)_ ] c.b.m.r.RouteMatcher      | Add route => GET	/category/:keyword
2018-05-08 17:30:37:039 INFO - [ _(:3」∠)_ ] c.b.m.r.RouteMatcher      | Add route => GET	/search/:keyword
2018-05-08 17:30:37:039 INFO - [ _(:3」∠)_ ] c.b.m.r.RouteMatcher      | Add route => POST	/admin/backup
2018-05-08 17:30:37:040 INFO - [ _(:3」∠)_ ] c.b.m.r.RouteMatcher      | Add hook  => [BEFORE	/.*]
2018-05-08 17:30:37:040 INFO - [ _(:3」∠)_ ] c.b.m.r.RouteMatcher      | Add hook  => [AFTER	/.*]
2018-05-08 17:30:37:045 INFO - [ _(:3」∠)_ ] c.t.i.SqliteJdbc          | blade dev mode: true
2018-05-08 17:30:37:045 INFO - [ _(:3」∠)_ ] c.t.i.SqliteJdbc          | load sqlite database path [E:\MyBlog\MyStory/tale.db]
2018-05-08 17:30:37:045 INFO - [ _(:3」∠)_ ] c.t.i.SqliteJdbc          | load sqlite database src [jdbc:sqlite://E:\MyBlog\MyStory/tale.db]
2018-05-08 17:30:37:664 INFO - [ _(:3」∠)_ ] c.t.i.SqliteJdbc          | initialize import database - 14
2018-05-08 17:30:37:665 INFO - [ _(:3」∠)_ ] c.t.i.SqliteJdbc          | database path is: E:\MyBlog\MyStory/tale.db
2018-05-08 17:30:37:682 INFO - [ _(:3」∠)_ ] c.b.j.Base                | ⬢ Blade-JDBC initializing
2018-05-08 17:30:37:683 INFO - [ _(:3」∠)_ ] c.b.s.n.NettyServer       | ⬢ Register bean: [com.blade.Environment@6c1d076b, com.tale.service.ContentsService@27c1ea3c, com.tale.init.WebContext@3e2cfb44, com.tale.exception.GolbalExceptionHandler@31bdea4, com.tale.service.SiteService@7b9b7f3, com.tale.controller.admin.AuthController@2f012d32, com.tale.service.OptionsService@762e054d, com.tale.controller.admin.ThemeController@2b9d0bd2, com.tale.controller.admin.CategoryController@6151377d, com.tale.hooks.BaseWebHook@471feed8, com.tale.controller.IndexController@419d8f1b, com.tale.controller.admin.AttachController@21dcf61, com.tale.controller.CategoryController@6a1fea80, com.tale.service.CommentsService@52cea035, com.tale.controller.admin.PageController@7f060820, com.tale.controller.admin.IndexController@130cb666, com.tale.controller.admin.CommentController@6d2056d, com.tale.controller.InstallController@21bac28a, com.tale.service.MetasService@6e329995, com.tale.init.WebContext@3e2cfb44, com.tale.controller.admin.ArticleController@187badb3, com.tale.hooks.BaseWebHook@471feed8, com.tale.controller.admin.TemplateController@e142abc]
2018-05-08 17:30:37:794 INFO - [ _(:3」∠)_ ] j.t.JetEngineImpl         | JetEngine.version = 2.1.5
2018-05-08 17:30:37:794 INFO - [ _(:3」∠)_ ] j.t.JetEngineImpl         | JetEngine.loader = jetbrick.template.loader.ClasspathResourceLoader, root = /templates/, reload = true
2018-05-08 17:30:37:799 INFO - [ _(:3」∠)_ ] j.t.r.c.ClassResolver     | import package: java.lang.*
2018-05-08 17:30:37:799 INFO - [ _(:3」∠)_ ] j.t.r.c.ClassResolver     | import package: java.util.*
2018-05-08 17:30:37:800 INFO - [ _(:3」∠)_ ] j.t.r.m.MethodInvokerResolver | import 38 methods from class jetbrick.template.runtime.buildin.JetMethods
2018-05-08 17:30:37:801 INFO - [ _(:3」∠)_ ] j.t.r.f.FunctionInvokerResolver | import 11 functions from class jetbrick.template.runtime.buildin.JetFunctions
2018-05-08 17:30:37:802 INFO - [ _(:3」∠)_ ] j.t.r.t.TagInvokerResolver | import 2 tags from class jetbrick.template.runtime.buildin.JetTags
2018-05-08 17:30:37:804 INFO - [ _(:3」∠)_ ] j.t.r.GlobalResolver      | Scanning @JetMethods, @JetFunctions, @JetTags implements from [com.tale] ...
2018-05-08 17:30:37:824 INFO - [ _(:3」∠)_ ] j.t.r.GlobalResolver      | Found 0 annotated classes, time elapsed 19 ms.
2018-05-08 17:30:37:830 INFO - [ _(:3」∠)_ ] j.t.JetTemplateImpl       | Loading template: /comm/macros.html
2018-05-08 17:30:37:996 INFO - [ _(:3」∠)_ ] j.t.r.f.FunctionInvokerResolver | import 21 functions from class com.tale.extension.Commons
2018-05-08 17:30:37:997 INFO - [ _(:3」∠)_ ] j.t.r.f.FunctionInvokerResolver | import 50 functions from class com.tale.extension.Theme
2018-05-08 17:30:37:997 INFO - [ _(:3」∠)_ ] j.t.r.f.FunctionInvokerResolver | import 2 functions from class com.tale.extension.AdminCommons
2018-05-08 17:30:37:997 INFO - [ _(:3」∠)_ ] j.t.r.t.TagInvokerResolver | import 1 tags from class com.tale.extension.JetTag
2018-05-08 17:30:38:005 DEBUG - [ _(:3」∠)_ ] c.b.j.c.ActiveRecord      | ⬢ Execute SQL => SELECT * FROM t_options
2018-05-08 17:30:38:005 DEBUG - [ _(:3」∠)_ ] c.b.j.c.ActiveRecord      | ⬢ Parameters  => []
2018-05-08 17:30:38:042 INFO - [ _(:3」∠)_ ] c.b.s.n.NettyServer       | ⬢ Watched environment: true
2018-05-08 17:30:38:170 INFO - [ _(:3」∠)_ ] c.b.s.n.NettyServer       | ⬢ Use NioEventLoopGroup
2018-05-08 17:30:38:492 INFO - [ _(:3」∠)_ ] c.b.s.n.NettyServer       | ⬢ Tale (塌了) initialize successfully, Time elapsed: 1814 ms
2018-05-08 17:30:38:492 INFO - [ _(:3」∠)_ ] c.b.s.n.NettyServer       | ⬢ Blade start with 0.0.0.0:9000
2018-05-08 17:30:38:492 INFO - [ _(:3」∠)_ ] c.b.s.n.NettyServer       | ⬢ Open your web browser and navigate to http://127.0.0.1:9000 ⚡
2018-05-08 17:30:53:454 INFO - [ nio-worker@ thread-1 ] c.b.m.h.RequestExecution  | HTTP/1.1	GET	/
2018-05-08 17:30:53:584 INFO - [ nio-worker@ thread-1 ] c.t.h.BaseWebHook         | UserAgent: Mozilla/5.0 (Windows NT 6.3; WOW64; Trident/7.0; rv:11.0) like Gecko
2018-05-08 17:30:53:584 INFO - [ nio-worker@ thread-1 ] c.t.h.BaseWebHook         | 用户访问地址: /, 来路地址: 127.0.0.1
2018-05-08 17:30:53:596 INFO - [ nio-worker@ thread-1 ] c.b.m.h.RequestExecution  | HTTP/1.1	GET	/install
2018-05-08 17:30:53:600 INFO - [ nio-worker@ thread-1 ] c.t.h.BaseWebHook         | UserAgent: Mozilla/5.0 (Windows NT 6.3; WOW64; Trident/7.0; rv:11.0) like Gecko
2018-05-08 17:30:53:600 INFO - [ nio-worker@ thread-1 ] c.t.h.BaseWebHook         | 用户访问地址: /install, 来路地址: 127.0.0.1
2018-05-08 17:30:53:627 INFO - [ nio-worker@ thread-1 ] j.t.JetTemplateImpl       | Loading template: install.html
2018-05-08 17:30:53:740 INFO - [ nio-worker@ thread-4 ] c.b.s.n.StaticFileHandler | HTTP/1.1	GET	/static/admin/css/style.min.css
2018-05-08 17:30:53:740 INFO - [ nio-worker@ thread-6 ] c.b.s.n.StaticFileHandler | HTTP/1.1	GET	/static/admin/plugins/bootstrap/3.3.7/js/bootstrap.min.js
2018-05-08 17:30:53:740 INFO - [ nio-worker@ thread-2 ] c.b.s.n.StaticFileHandler | HTTP/1.1	GET	/static/admin/plugins/bootstrap/3.3.7/css/bootstrap.min.css
2018-05-08 17:30:53:740 INFO - [ nio-worker@ thread-5 ] c.b.s.n.StaticFileHandler | HTTP/1.1	GET	/static/admin/plugins/jquery/3.2.1/jquery.min.js
2018-05-08 17:30:53:740 INFO - [ nio-worker@ thread-3 ] c.b.s.n.StaticFileHandler | HTTP/1.1	GET	/static/admin/plugins/limonte-sweetalert2/6.4.1/sweetalert2.min.css
2018-05-08 17:30:53:740 INFO - [ nio-worker@ thread-7 ] c.b.s.n.StaticFileHandler | HTTP/1.1	GET	/static/admin/plugins/limonte-sweetalert2/6.4.1/sweetalert2.min.js
2018-05-08 17:30:53:740 INFO - [ nio-worker@ thread-8 ] c.b.s.n.StaticFileHandler | HTTP/1.1	GET	/static/admin/plugins/jquery-validate/1.15.1/jquery.validate.min.js
2018-05-08 17:30:53:740 INFO - [ nio-worker@ thread-1 ] c.b.s.n.StaticFileHandler | HTTP/1.1	GET	/static/admin/plugins/jquery-steps/1.1.0/jquery.steps.css
2018-05-08 17:30:53:808 INFO - [ nio-worker@ thread-8 ] c.b.s.n.StaticFileHandler | HTTP/1.1	GET	/static/admin/js/install.js
2018-05-08 17:30:53:808 INFO - [ nio-worker@ thread-3 ] c.b.s.n.StaticFileHandler | HTTP/1.1	GET	/static/admin/js/base.js
2018-05-08 17:30:53:808 INFO - [ nio-worker@ thread-2 ] c.b.s.n.StaticFileHandler | HTTP/1.1	GET	/static/admin/plugins/jquery-steps/1.1.0/jquery.steps.min.js
2018-05-08 17:30:53:809 INFO - [ nio-worker@ thread-1 ] c.b.s.n.StaticFileHandler | HTTP/1.1	GET	/static/admin/plugins/jquery-validate/1.15.1/localization/messages_zh.min.js
2018-05-08 17:30:53:843 INFO - [ nio-worker@ thread-2 ] c.b.s.n.StaticFileHandler | HTTP/1.1	GET	/static/admin/images/bg/4.png
2018-05-08 17:30:53:927 INFO - [ nio-worker@ thread-2 ] c.b.s.n.StaticFileHandler | HTTP/1.1	GET	/static/admin/images/favicon.png
2018-05-08 17:31:40:863 INFO - [ nio-worker@ thread-2 ] c.b.m.h.RequestExecution  | HTTP/1.1	POST	/install
2018-05-08 17:31:40:866 INFO - [ nio-worker@ thread-2 ] c.t.h.BaseWebHook         | UserAgent: Mozilla/5.0 (Windows NT 6.3; WOW64; Trident/7.0; rv:11.0) like Gecko
2018-05-08 17:31:40:866 INFO - [ nio-worker@ thread-2 ] c.t.h.BaseWebHook         | 用户访问地址: /install, 来路地址: 127.0.0.1
2018-05-08 17:31:40:893 DEBUG - [ nio-worker@ thread-2 ] c.b.j.c.ActiveRecord      | ⬢ Execute SQL => INSERT INTO t_users (username, password, email, screen_name, created) VALUES (:username, :password, :email, :screen_name, :created)
2018-05-08 17:31:40:965 DEBUG - [ nio-worker@ thread-2 ] c.b.j.c.ActiveRecord      | ⬢ Execute SQL => INSERT INTO t_logs (action, author_id, ip, created) VALUES (:action, :author_id, :ip, :created)
2018-05-08 17:31:41:020 DEBUG - [ nio-worker@ thread-2 ] c.b.j.c.ActiveRecord      | ⬢ Execute SQL => SELECT COUNT(*) FROM t_options WHERE name = :p1
2018-05-08 17:31:41:020 DEBUG - [ nio-worker@ thread-2 ] c.b.j.c.ActiveRecord      | ⬢ Parameters  => [site_title]
2018-05-08 17:31:41:044 DEBUG - [ nio-worker@ thread-2 ] c.b.j.c.ActiveRecord      | ⬢ Execute SQL => UPDATE t_options SET value = :p1 WHERE name = :p2
2018-05-08 17:31:41:044 DEBUG - [ nio-worker@ thread-2 ] c.b.j.c.ActiveRecord      | ⬢ Parameters  => [农码一生, site_title]
2018-05-08 17:31:41:105 DEBUG - [ nio-worker@ thread-2 ] c.b.j.c.ActiveRecord      | ⬢ Execute SQL => SELECT COUNT(*) FROM t_options WHERE name = :p1
2018-05-08 17:31:41:105 DEBUG - [ nio-worker@ thread-2 ] c.b.j.c.ActiveRecord      | ⬢ Parameters  => [site_url]
2018-05-08 17:31:41:108 DEBUG - [ nio-worker@ thread-2 ] c.b.j.c.ActiveRecord      | ⬢ Execute SQL => INSERT INTO t_options (name, value) VALUES (:name, :value)
2018-05-08 17:31:41:191 DEBUG - [ nio-worker@ thread-2 ] c.b.j.c.ActiveRecord      | ⬢ Execute SQL => SELECT * FROM t_options
2018-05-08 17:31:41:191 DEBUG - [ nio-worker@ thread-2 ] c.b.j.c.ActiveRecord      | ⬢ Parameters  => []
2018-05-08 17:31:41:323 INFO - [ nio-worker@ thread-2 ] c.b.s.n.StaticFileHandler | HTTP/1.1	GET	/static/admin/images/loading.gif
2018-05-08 17:31:43:454 INFO - [ nio-worker@ thread-2 ] c.b.m.h.RequestExecution  | HTTP/1.1	GET	/admin/login
2018-05-08 17:31:43:455 INFO - [ nio-worker@ thread-2 ] c.t.h.BaseWebHook         | UserAgent: Mozilla/5.0 (Windows NT 6.3; WOW64; Trident/7.0; rv:11.0) like Gecko
2018-05-08 17:31:43:455 INFO - [ nio-worker@ thread-2 ] c.t.h.BaseWebHook         | 用户访问地址: /admin/login, 来路地址: 127.0.0.1
2018-05-08 17:31:43:456 INFO - [ nio-worker@ thread-2 ] j.t.JetTemplateImpl       | Loading template: admin/login.html
2018-05-08 17:31:43:472 INFO - [ nio-worker@ thread-2 ] c.b.m.h.RequestExecution  | HTTP/1.1	GET	/admin/login
2018-05-08 17:31:43:472 INFO - [ nio-worker@ thread-2 ] c.t.h.BaseWebHook         | UserAgent: Mozilla/5.0 (Windows NT 6.3; WOW64; Trident/7.0; rv:11.0) like Gecko
2018-05-08 17:31:43:472 INFO - [ nio-worker@ thread-2 ] c.t.h.BaseWebHook         | 用户访问地址: /admin/login, 来路地址: 127.0.0.1
2018-05-08 17:31:43:482 INFO - [ nio-worker@ thread-2 ] c.b.s.n.StaticFileHandler | HTTP/1.1	GET	/static/admin/plugins/font-awesome/4.7.0/css/font-awesome.min.css
2018-05-08 17:31:43:483 INFO - [ nio-worker@ thread-3 ] c.b.s.n.StaticFileHandler | HTTP/1.1	GET	/static/admin/css/style.min.css
2018-05-08 17:31:43:490 INFO - [ nio-worker@ thread-3 ] c.b.s.n.StaticFileHandler | HTTP/1.1	GET	/static/admin/js/base.js
2018-05-08 17:31:43:560 INFO - [ nio-worker@ thread-3 ] c.b.s.n.StaticFileHandler | HTTP/1.1	GET	/static/admin/images/small/bg.png
2018-05-08 17:31:52:595 INFO - [ nio-worker@ thread-3 ] c.b.s.n.StaticFileHandler | HTTP/1.1	GET	/static/admin/plugins/font-awesome/4.7.0/fonts/fontawesome-webfont.eot
2018-05-08 17:31:52:912 INFO - [ nio-worker@ thread-3 ] c.b.m.h.RequestExecution  | HTTP/1.1	POST	/admin/login
2018-05-08 17:31:52:913 INFO - [ nio-worker@ thread-3 ] c.t.h.BaseWebHook         | UserAgent: Mozilla/5.0 (Windows NT 6.3; WOW64; Trident/7.0; rv:11.0) like Gecko
2018-05-08 17:31:52:913 INFO - [ nio-worker@ thread-3 ] c.t.h.BaseWebHook         | 用户访问地址: /admin/login, 来路地址: 127.0.0.1
2018-05-08 17:31:52:916 DEBUG - [ nio-worker@ thread-3 ] c.b.j.c.ActiveRecord      | ⬢ Execute SQL => SELECT COUNT(*) FROM t_users WHERE username = :p1
2018-05-08 17:31:52:916 DEBUG - [ nio-worker@ thread-3 ] c.b.j.c.ActiveRecord      | ⬢ Parameters  => [nmys]
2018-05-08 17:31:52:918 DEBUG - [ nio-worker@ thread-3 ] c.b.j.c.ActiveRecord      | ⬢ Execute SQL => SELECT * FROM t_users WHERE username = :p1 AND password = :p2
2018-05-08 17:31:52:918 DEBUG - [ nio-worker@ thread-3 ] c.b.j.c.ActiveRecord      | ⬢ Parameters  => [nmys, a99445b8070b9f8a03cf56a831b7b19a]
2018-05-08 17:31:52:923 DEBUG - [ nio-worker@ thread-3 ] c.b.j.c.ActiveRecord      | ⬢ Execute SQL => UPDATE t_users SET logged = :p1 WHERE uid = :p2
2018-05-08 17:31:52:923 DEBUG - [ nio-worker@ thread-3 ] c.b.j.c.ActiveRecord      | ⬢ Parameters  => [1525771912, 1]
2018-05-08 17:31:53:003 INFO - [ nio-worker@ thread-3 ] c.t.c.a.AuthController    | 登录成功：nmys
2018-05-08 17:31:53:006 DEBUG - [ nio-worker@ thread-3 ] c.b.j.c.ActiveRecord      | ⬢ Execute SQL => INSERT INTO t_logs (action, data, author_id, ip, created) VALUES (:action, :data, :author_id, :ip, :created)
2018-05-08 17:31:53:157 INFO - [ nio-worker@ thread-3 ] c.b.m.h.RequestExecution  | HTTP/1.1	GET	/admin/index
2018-05-08 17:31:53:158 INFO - [ nio-worker@ thread-3 ] c.t.h.BaseWebHook         | UserAgent: Mozilla/5.0 (Windows NT 6.3; WOW64; Trident/7.0; rv:11.0) like Gecko
2018-05-08 17:31:53:158 INFO - [ nio-worker@ thread-3 ] c.t.h.BaseWebHook         | 用户访问地址: /admin/index, 来路地址: 127.0.0.1
2018-05-08 17:31:53:172 DEBUG - [ nio-worker@ thread-3 ] c.b.j.c.ActiveRecord      | ⬢ Execute SQL => SELECT COUNT(0) FROM (SELECT * FROM t_comments) tmp
2018-05-08 17:31:53:172 DEBUG - [ nio-worker@ thread-3 ] c.b.j.c.ActiveRecord      | ⬢ Parameters  => []
2018-05-08 17:31:53:173 DEBUG - [ nio-worker@ thread-3 ] c.b.j.c.ActiveRecord      | ⬢ Execute SQL => SELECT * FROM t_comments ORDER BY created desc LIMIT 0, 5
2018-05-08 17:31:53:174 DEBUG - [ nio-worker@ thread-3 ] c.b.j.c.ActiveRecord      | ⬢ Parameters  => []
2018-05-08 17:31:53:183 DEBUG - [ nio-worker@ thread-3 ] c.b.j.c.ActiveRecord      | ⬢ Execute SQL => SELECT COUNT(0) FROM (SELECT * FROM t_contents WHERE status = :p1 AND type = :p2) tmp
2018-05-08 17:31:53:183 DEBUG - [ nio-worker@ thread-3 ] c.b.j.c.ActiveRecord      | ⬢ Parameters  => [publish, post]
2018-05-08 17:31:53:184 DEBUG - [ nio-worker@ thread-3 ] c.b.j.c.ActiveRecord      | ⬢ Execute SQL => SELECT * FROM t_contents WHERE status = :p1 AND type = :p2 ORDER BY created desc LIMIT 0, 5
2018-05-08 17:31:53:184 DEBUG - [ nio-worker@ thread-3 ] c.b.j.c.ActiveRecord      | ⬢ Parameters  => [publish, post]
2018-05-08 17:31:53:193 DEBUG - [ nio-worker@ thread-3 ] c.b.j.c.ActiveRecord      | ⬢ Execute SQL => SELECT COUNT(*) FROM t_contents WHERE type = :p1 AND status = :p2
2018-05-08 17:31:53:194 DEBUG - [ nio-worker@ thread-3 ] c.b.j.c.ActiveRecord      | ⬢ Parameters  => [post, publish]
2018-05-08 17:31:53:195 DEBUG - [ nio-worker@ thread-3 ] c.b.j.c.ActiveRecord      | ⬢ Execute SQL => SELECT COUNT(*) FROM t_contents WHERE type = :p1 AND status = :p2
2018-05-08 17:31:53:195 DEBUG - [ nio-worker@ thread-3 ] c.b.j.c.ActiveRecord      | ⬢ Parameters  => [page, publish]
2018-05-08 17:31:53:196 DEBUG - [ nio-worker@ thread-3 ] c.b.j.c.ActiveRecord      | ⬢ Execute SQL => SELECT COUNT(*) FROM t_comments
2018-05-08 17:31:53:196 DEBUG - [ nio-worker@ thread-3 ] c.b.j.c.ActiveRecord      | ⬢ Parameters  => []
2018-05-08 17:31:53:198 DEBUG - [ nio-worker@ thread-3 ] c.b.j.c.ActiveRecord      | ⬢ Execute SQL => SELECT COUNT(*) FROM t_attach
2018-05-08 17:31:53:198 DEBUG - [ nio-worker@ thread-3 ] c.b.j.c.ActiveRecord      | ⬢ Parameters  => []
2018-05-08 17:31:53:199 DEBUG - [ nio-worker@ thread-3 ] c.b.j.c.ActiveRecord      | ⬢ Execute SQL => SELECT COUNT(*) FROM t_metas WHERE type = :p1
2018-05-08 17:31:53:199 DEBUG - [ nio-worker@ thread-3 ] c.b.j.c.ActiveRecord      | ⬢ Parameters  => [tag]
2018-05-08 17:31:53:200 DEBUG - [ nio-worker@ thread-3 ] c.b.j.c.ActiveRecord      | ⬢ Execute SQL => SELECT COUNT(*) FROM t_metas WHERE type = :p1
2018-05-08 17:31:53:200 DEBUG - [ nio-worker@ thread-3 ] c.b.j.c.ActiveRecord      | ⬢ Parameters  => [category]
2018-05-08 17:31:53:202 DEBUG - [ nio-worker@ thread-3 ] c.b.j.c.ActiveRecord      | ⬢ Execute SQL => SELECT COUNT(0) FROM (SELECT * FROM t_logs) tmp
2018-05-08 17:31:53:202 DEBUG - [ nio-worker@ thread-3 ] c.b.j.c.ActiveRecord      | ⬢ Parameters  => []
2018-05-08 17:31:53:203 DEBUG - [ nio-worker@ thread-3 ] c.b.j.c.ActiveRecord      | ⬢ Execute SQL => SELECT * FROM t_logs ORDER BY id desc LIMIT 0, 20
2018-05-08 17:31:53:203 DEBUG - [ nio-worker@ thread-3 ] c.b.j.c.ActiveRecord      | ⬢ Parameters  => []
2018-05-08 17:31:53:207 INFO - [ nio-worker@ thread-3 ] j.t.JetTemplateImpl       | Loading template: admin/index.html
2018-05-08 17:31:53:213 INFO - [ nio-worker@ thread-3 ] j.t.JetTemplateImpl       | Loading template: admin/header.html
2018-05-08 17:31:53:222 INFO - [ nio-worker@ thread-3 ] j.t.JetTemplateImpl       | Loading template: admin/footer.html
2018-05-08 17:31:53:230 INFO - [ nio-worker@ thread-3 ] c.b.s.n.StaticFileHandler | HTTP/1.1	GET	/static/admin/images/unicorn.png
2018-05-08 17:31:53:251 INFO - [ nio-worker@ thread-3 ] c.b.s.n.StaticFileHandler | HTTP/1.1	GET	/static/admin/js/jquery.app.js
2018-05-08 17:32:07:292 INFO - [ nio-worker@ thread-8 ] c.b.m.h.RequestExecution  | HTTP/1.1	GET	/
2018-05-08 17:32:07:293 INFO - [ nio-worker@ thread-8 ] c.t.h.BaseWebHook         | UserAgent: Mozilla/5.0 (Windows NT 6.3; WOW64; Trident/7.0; rv:11.0) like Gecko
2018-05-08 17:32:07:293 INFO - [ nio-worker@ thread-8 ] c.t.h.BaseWebHook         | 用户访问地址: /, 来路地址: 127.0.0.1
2018-05-08 17:32:07:294 INFO - [ nio-worker@ thread-8 ] j.t.JetTemplateImpl       | Loading template: themes/default/index.html
2018-05-08 17:32:07:296 INFO - [ nio-worker@ thread-8 ] j.t.JetTemplateImpl       | Loading template: themes/default/partial/header.html
2018-05-08 17:32:07:304 DEBUG - [ nio-worker@ thread-8 ] c.b.j.c.ActiveRecord      | ⬢ Execute SQL => SELECT COUNT(0) FROM (SELECT * FROM t_contents WHERE type = :p1 AND status = :p2) tmp
2018-05-08 17:32:07:304 DEBUG - [ nio-worker@ thread-8 ] c.b.j.c.ActiveRecord      | ⬢ Parameters  => [post, publish]
2018-05-08 17:32:07:306 DEBUG - [ nio-worker@ thread-8 ] c.b.j.c.ActiveRecord      | ⬢ Execute SQL => SELECT * FROM t_contents WHERE type = :p1 AND status = :p2 ORDER BY created desc LIMIT 0, 12
2018-05-08 17:32:07:306 DEBUG - [ nio-worker@ thread-8 ] c.b.j.c.ActiveRecord      | ⬢ Parameters  => [post, publish]
2018-05-08 17:32:07:536 DEBUG - [ nio-worker@ thread-8 ] c.b.j.c.ActiveRecord      | ⬢ Execute SQL => SELECT COUNT(0) FROM (SELECT * FROM t_contents WHERE type = :p1 AND status = :p2) tmp
2018-05-08 17:32:07:536 DEBUG - [ nio-worker@ thread-8 ] c.b.j.c.ActiveRecord      | ⬢ Parameters  => [post, publish]
2018-05-08 17:32:07:537 DEBUG - [ nio-worker@ thread-8 ] c.b.j.c.ActiveRecord      | ⬢ Execute SQL => SELECT * FROM t_contents WHERE type = :p1 AND status = :p2 ORDER BY created desc LIMIT 0, 12
2018-05-08 17:32:07:537 DEBUG - [ nio-worker@ thread-8 ] c.b.j.c.ActiveRecord      | ⬢ Parameters  => [post, publish]
2018-05-08 17:32:07:540 INFO - [ nio-worker@ thread-8 ] j.t.JetTemplateImpl       | Loading template: themes/default/partial/footer.html
2018-05-08 17:32:07:543 INFO - [ nio-worker@ thread-8 ] j.t.JetTemplateImpl       | Loading template: themes/default/partial/social.html
2018-05-08 17:32:07:545 DEBUG - [ nio-worker@ thread-8 ] c.b.j.c.ActiveRecord      | ⬢ Execute SQL => SELECT COUNT(0) FROM (SELECT * FROM t_contents WHERE status = :p1 AND type = :p2) tmp
2018-05-08 17:32:07:545 DEBUG - [ nio-worker@ thread-8 ] c.b.j.c.ActiveRecord      | ⬢ Parameters  => [publish, post]
2018-05-08 17:32:07:547 DEBUG - [ nio-worker@ thread-8 ] c.b.j.c.ActiveRecord      | ⬢ Execute SQL => SELECT * FROM t_contents WHERE status = :p1 AND type = :p2 ORDER BY created desc LIMIT 0, 8
2018-05-08 17:32:07:547 DEBUG - [ nio-worker@ thread-8 ] c.b.j.c.ActiveRecord      | ⬢ Parameters  => [publish, post]
2018-05-08 17:32:07:553 DEBUG - [ nio-worker@ thread-8 ] c.b.j.c.ActiveRecord      | ⬢ Execute SQL => SELECT COUNT(0) FROM (SELECT * FROM t_comments) tmp
2018-05-08 17:32:07:553 DEBUG - [ nio-worker@ thread-8 ] c.b.j.c.ActiveRecord      | ⬢ Parameters  => []
2018-05-08 17:32:07:555 DEBUG - [ nio-worker@ thread-8 ] c.b.j.c.ActiveRecord      | ⬢ Execute SQL => SELECT * FROM t_comments ORDER BY created desc LIMIT 0, 8
2018-05-08 17:32:07:555 DEBUG - [ nio-worker@ thread-8 ] c.b.j.c.ActiveRecord      | ⬢ Parameters  => []
2018-05-08 17:32:07:565 INFO - [ nio-worker@ thread-8 ] c.b.s.n.StaticFileHandler | HTTP/1.1	GET	/templates/themes/default/static/css/xcode.min.css
2018-05-08 17:32:07:568 INFO - [ nio-worker@ thread-7 ] c.b.s.n.StaticFileHandler | HTTP/1.1	GET	/templates/themes/default/static/css/style.min.css
2018-05-08 17:32:07:573 INFO - [ nio-worker@ thread-8 ] c.b.s.n.StaticFileHandler | HTTP/1.1	GET	/static/admin/plugins/jquery/3.2.1/jquery.min.js
2018-05-08 17:32:07:575 INFO - [ nio-worker@ thread-6 ] c.b.s.n.StaticFileHandler | HTTP/1.1	GET	/templates/themes/default/static/img/logo.png
2018-05-08 17:32:07:595 INFO - [ nio-worker@ thread-6 ] c.b.s.n.StaticFileHandler | HTTP/1.1	GET	/templates/themes/default/static/js/instantclick.min.js
2018-05-08 17:32:07:597 INFO - [ nio-worker@ thread-7 ] c.b.s.n.StaticFileHandler | HTTP/1.1	GET	/templates/themes/default/static/js/headroom.min.js
2018-05-08 17:32:07:693 INFO - [ nio-worker@ thread-6 ] c.b.s.n.StaticFileHandler | HTTP/1.1	GET	/templates/themes/default/static/img/rand/2.jpg
2018-05-08 17:32:07:693 INFO - [ nio-worker@ thread-7 ] c.b.s.n.StaticFileHandler | HTTP/1.1	GET	/templates/themes/default/static/img/bg-ico.png
2018-05-08 17:32:07:756 INFO - [ nio-worker@ thread-7 ] c.b.s.n.StaticFileHandler | HTTP/1.1	GET	/templates/themes/default/static/img/favicon.png
2018-05-08 17:32:16:407 INFO - [ nio-worker@ thread-3 ] c.b.m.h.RequestExecution  | HTTP/1.1	GET	/admin/page
2018-05-08 17:32:16:408 INFO - [ nio-worker@ thread-3 ] c.t.h.BaseWebHook         | UserAgent: Mozilla/5.0 (Windows NT 6.3; WOW64; Trident/7.0; rv:11.0) like Gecko
2018-05-08 17:32:16:409 INFO - [ nio-worker@ thread-3 ] c.t.h.BaseWebHook         | 用户访问地址: /admin/page, 来路地址: 127.0.0.1
2018-05-08 17:32:16:410 DEBUG - [ nio-worker@ thread-3 ] c.b.j.c.ActiveRecord      | ⬢ Execute SQL => SELECT COUNT(0) FROM (SELECT * FROM t_contents WHERE type = :p1) tmp
2018-05-08 17:32:16:410 DEBUG - [ nio-worker@ thread-3 ] c.b.j.c.ActiveRecord      | ⬢ Parameters  => [page]
2018-05-08 17:32:16:411 DEBUG - [ nio-worker@ thread-3 ] c.b.j.c.ActiveRecord      | ⬢ Execute SQL => SELECT * FROM t_contents WHERE type = :p1 ORDER BY created desc LIMIT 0, 9999
2018-05-08 17:32:16:412 DEBUG - [ nio-worker@ thread-3 ] c.b.j.c.ActiveRecord      | ⬢ Parameters  => [page]
2018-05-08 17:32:16:414 INFO - [ nio-worker@ thread-3 ] j.t.JetTemplateImpl       | Loading template: admin/page_list.html
2018-05-08 17:32:16:452 INFO - [ nio-worker@ thread-3 ] c.b.s.n.StaticFileHandler | HTTP/1.1	GET	/static/admin/plugins/bootstrap/3.3.7/css/bootstrap.min.css
2018-05-08 17:32:16:453 INFO - [ nio-worker@ thread-2 ] c.b.s.n.StaticFileHandler | HTTP/1.1	GET	/static/admin/plugins/limonte-sweetalert2/6.4.1/sweetalert2.min.css
2018-05-08 17:32:16:456 INFO - [ nio-worker@ thread-3 ] c.b.s.n.StaticFileHandler | HTTP/1.1	GET	/static/admin/plugins/bootstrap/3.3.7/js/bootstrap.min.js
2018-05-08 17:32:16:457 INFO - [ nio-worker@ thread-2 ] c.b.s.n.StaticFileHandler | HTTP/1.1	GET	/static/admin/plugins/limonte-sweetalert2/6.4.1/sweetalert2.min.js
2018-05-08 17:32:16:459 INFO - [ nio-worker@ thread-3 ] c.b.s.n.StaticFileHandler | HTTP/1.1	GET	/static/admin/js/base.js
2018-05-08 17:32:20:773 INFO - [ nio-worker@ thread-2 ] c.b.m.h.RequestExecution  | HTTP/1.1	GET	/admin/attach
2018-05-08 17:32:20:774 INFO - [ nio-worker@ thread-2 ] c.t.h.BaseWebHook         | UserAgent: Mozilla/5.0 (Windows NT 6.3; WOW64; Trident/7.0; rv:11.0) like Gecko
2018-05-08 17:32:20:774 INFO - [ nio-worker@ thread-2 ] c.t.h.BaseWebHook         | 用户访问地址: /admin/attach, 来路地址: 127.0.0.1
2018-05-08 17:32:20:775 DEBUG - [ nio-worker@ thread-2 ] c.b.j.c.ActiveRecord      | ⬢ Execute SQL => SELECT COUNT(0) FROM (SELECT * FROM t_attach) tmp
2018-05-08 17:32:20:775 DEBUG - [ nio-worker@ thread-2 ] c.b.j.c.ActiveRecord      | ⬢ Parameters  => []
2018-05-08 17:32:20:777 DEBUG - [ nio-worker@ thread-2 ] c.b.j.c.ActiveRecord      | ⬢ Execute SQL => SELECT * FROM t_attach LIMIT 0, 12
2018-05-08 17:32:20:777 DEBUG - [ nio-worker@ thread-2 ] c.b.j.c.ActiveRecord      | ⬢ Parameters  => []
2018-05-08 17:32:20:782 INFO - [ nio-worker@ thread-2 ] j.t.JetTemplateImpl       | Loading template: admin/attach.html
2018-05-08 17:32:20:799 INFO - [ nio-worker@ thread-2 ] c.b.s.n.StaticFileHandler | HTTP/1.1	GET	/static/admin/plugins/dropzone/4.3.0/min/dropzone.min.css
2018-05-08 17:32:20:811 INFO - [ nio-worker@ thread-2 ] c.b.s.n.StaticFileHandler | HTTP/1.1	GET	/static/admin/plugins/dropzone/4.3.0/min/dropzone.min.js
2018-05-08 17:32:20:811 INFO - [ nio-worker@ thread-3 ] c.b.s.n.StaticFileHandler | HTTP/1.1	GET	/static/admin/plugins/clipboard.js/1.6.0/clipboard.min.js
2018-05-08 17:32:21:904 INFO - [ nio-worker@ thread-2 ] c.b.m.h.RequestExecution  | HTTP/1.1	GET	/admin/comments
2018-05-08 17:32:21:905 INFO - [ nio-worker@ thread-2 ] c.t.h.BaseWebHook         | UserAgent: Mozilla/5.0 (Windows NT 6.3; WOW64; Trident/7.0; rv:11.0) like Gecko
2018-05-08 17:32:21:905 INFO - [ nio-worker@ thread-2 ] c.t.h.BaseWebHook         | 用户访问地址: /admin/comments, 来路地址: 127.0.0.1
2018-05-08 17:32:21:906 DEBUG - [ nio-worker@ thread-2 ] c.b.j.c.ActiveRecord      | ⬢ Execute SQL => SELECT COUNT(0) FROM (SELECT * FROM t_comments WHERE author_id <> :p1) tmp
2018-05-08 17:32:21:906 DEBUG - [ nio-worker@ thread-2 ] c.b.j.c.ActiveRecord      | ⬢ Parameters  => [1]
2018-05-08 17:32:21:908 DEBUG - [ nio-worker@ thread-2 ] c.b.j.c.ActiveRecord      | ⬢ Execute SQL => SELECT * FROM t_comments WHERE author_id <> :p1 LIMIT 0, 15
2018-05-08 17:32:21:908 DEBUG - [ nio-worker@ thread-2 ] c.b.j.c.ActiveRecord      | ⬢ Parameters  => [1]
2018-05-08 17:32:21:910 INFO - [ nio-worker@ thread-2 ] j.t.JetTemplateImpl       | Loading template: admin/comment_list.html
2018-05-08 17:32:22:907 INFO - [ nio-worker@ thread-2 ] c.b.m.h.RequestExecution  | HTTP/1.1	GET	/admin/template
2018-05-08 17:32:22:908 INFO - [ nio-worker@ thread-2 ] c.t.h.BaseWebHook         | UserAgent: Mozilla/5.0 (Windows NT 6.3; WOW64; Trident/7.0; rv:11.0) like Gecko
2018-05-08 17:32:22:908 INFO - [ nio-worker@ thread-2 ] c.t.h.BaseWebHook         | 用户访问地址: /admin/template, 来路地址: 127.0.0.1
2018-05-08 17:32:22:912 INFO - [ nio-worker@ thread-2 ] j.t.JetTemplateImpl       | Loading template: admin/tpl_list.html
2018-05-08 17:32:24:143 INFO - [ nio-worker@ thread-2 ] c.b.m.h.RequestExecution  | HTTP/1.1	GET	/admin/themes
2018-05-08 17:32:24:144 INFO - [ nio-worker@ thread-2 ] c.t.h.BaseWebHook         | UserAgent: Mozilla/5.0 (Windows NT 6.3; WOW64; Trident/7.0; rv:11.0) like Gecko
2018-05-08 17:32:24:144 INFO - [ nio-worker@ thread-2 ] c.t.h.BaseWebHook         | 用户访问地址: /admin/themes, 来路地址: 127.0.0.1
2018-05-08 17:32:24:145 INFO - [ nio-worker@ thread-2 ] j.t.JetTemplateImpl       | Loading template: admin/themes.html
2018-05-08 17:32:24:161 INFO - [ nio-worker@ thread-2 ] c.b.s.n.StaticFileHandler | HTTP/1.1	GET	/templates/themes/default/screenshot.png
2018-05-08 17:32:24:619 INFO - [ nio-worker@ thread-2 ] c.b.m.h.RequestExecution  | HTTP/1.1	GET	/admin/setting
2018-05-08 17:32:24:619 INFO - [ nio-worker@ thread-2 ] c.t.h.BaseWebHook         | UserAgent: Mozilla/5.0 (Windows NT 6.3; WOW64; Trident/7.0; rv:11.0) like Gecko
2018-05-08 17:32:24:620 INFO - [ nio-worker@ thread-2 ] c.t.h.BaseWebHook         | 用户访问地址: /admin/setting, 来路地址: 127.0.0.1
2018-05-08 17:32:24:620 DEBUG - [ nio-worker@ thread-2 ] c.b.j.c.ActiveRecord      | ⬢ Execute SQL => SELECT * FROM t_options
2018-05-08 17:32:24:620 DEBUG - [ nio-worker@ thread-2 ] c.b.j.c.ActiveRecord      | ⬢ Parameters  => []
2018-05-08 17:32:24:622 INFO - [ nio-worker@ thread-2 ] j.t.JetTemplateImpl       | Loading template: admin/setting.html
2018-05-08 17:32:24:636 INFO - [ nio-worker@ thread-2 ] c.b.s.n.StaticFileHandler | HTTP/1.1	GET	/static/admin/plugins/toggles/toggles.css
2018-05-08 17:32:24:641 INFO - [ nio-worker@ thread-2 ] c.b.s.n.StaticFileHandler | HTTP/1.1	GET	/static/admin/plugins/jquery-toggles/2.0.4/toggles.min.js
2018-05-08 17:32:25:134 INFO - [ nio-worker@ thread-2 ] c.b.m.h.RequestExecution  | HTTP/1.1	GET	/admin/themes
2018-05-08 17:32:25:135 INFO - [ nio-worker@ thread-2 ] c.t.h.BaseWebHook         | UserAgent: Mozilla/5.0 (Windows NT 6.3; WOW64; Trident/7.0; rv:11.0) like Gecko
2018-05-08 17:32:25:135 INFO - [ nio-worker@ thread-2 ] c.t.h.BaseWebHook         | 用户访问地址: /admin/themes, 来路地址: 127.0.0.1
2018-05-08 17:32:26:350 INFO - [ nio-worker@ thread-2 ] c.b.m.h.RequestExecution  | HTTP/1.1	GET	/admin/comments
2018-05-08 17:32:26:351 INFO - [ nio-worker@ thread-2 ] c.t.h.BaseWebHook         | UserAgent: Mozilla/5.0 (Windows NT 6.3; WOW64; Trident/7.0; rv:11.0) like Gecko
2018-05-08 17:32:26:351 INFO - [ nio-worker@ thread-2 ] c.t.h.BaseWebHook         | 用户访问地址: /admin/comments, 来路地址: 127.0.0.1
2018-05-08 17:32:26:352 DEBUG - [ nio-worker@ thread-2 ] c.b.j.c.ActiveRecord      | ⬢ Execute SQL => SELECT COUNT(0) FROM (SELECT * FROM t_comments WHERE author_id <> :p1) tmp
2018-05-08 17:32:26:352 DEBUG - [ nio-worker@ thread-2 ] c.b.j.c.ActiveRecord      | ⬢ Parameters  => [1]
2018-05-08 17:32:26:354 DEBUG - [ nio-worker@ thread-2 ] c.b.j.c.ActiveRecord      | ⬢ Execute SQL => SELECT * FROM t_comments WHERE author_id <> :p1 LIMIT 0, 15
2018-05-08 17:32:26:354 DEBUG - [ nio-worker@ thread-2 ] c.b.j.c.ActiveRecord      | ⬢ Parameters  => [1]
2018-05-08 17:32:30:043 INFO - [ nio-worker@ thread-7 ] c.b.m.h.RequestExecution  | HTTP/1.1	GET	/article/2
2018-05-08 17:32:30:046 INFO - [ nio-worker@ thread-7 ] c.t.h.BaseWebHook         | UserAgent: Mozilla/5.0 (Windows NT 6.3; WOW64; Trident/7.0; rv:11.0) like Gecko
2018-05-08 17:32:30:046 INFO - [ nio-worker@ thread-7 ] c.t.h.BaseWebHook         | 用户访问地址: /article/2, 来路地址: 127.0.0.1
2018-05-08 17:32:30:048 DEBUG - [ nio-worker@ thread-7 ] c.b.j.c.ActiveRecord      | ⬢ Execute SQL => SELECT * FROM t_contents WHERE cid = :p1
2018-05-08 17:32:30:048 DEBUG - [ nio-worker@ thread-7 ] c.b.j.c.ActiveRecord      | ⬢ Parameters  => [2]
2018-05-08 17:32:30:050 DEBUG - [ nio-worker@ thread-7 ] c.b.j.c.ActiveRecord      | ⬢ Execute SQL => UPDATE t_contents SET hits = :p1 WHERE cid = :p2
2018-05-08 17:32:30:050 DEBUG - [ nio-worker@ thread-7 ] c.b.j.c.ActiveRecord      | ⬢ Parameters  => [11, 2]
2018-05-08 17:32:30:177 INFO - [ nio-worker@ thread-7 ] j.t.JetTemplateImpl       | Loading template: themes/default/post.html
2018-05-08 17:32:30:184 DEBUG - [ nio-worker@ thread-7 ] c.b.j.c.ActiveRecord      | ⬢ Execute SQL => SELECT * FROM t_contents WHERE type = :p1 AND status = :p2 AND created < :p3 ORDER BY created DESC LIMIT 1
2018-05-08 17:32:30:184 DEBUG - [ nio-worker@ thread-7 ] c.b.j.c.ActiveRecord      | ⬢ Parameters  => [post, publish, 1487861184]
2018-05-08 17:32:30:186 DEBUG - [ nio-worker@ thread-7 ] c.b.j.c.ActiveRecord      | ⬢ Execute SQL => SELECT * FROM t_contents WHERE type = :p1 AND status = :p2 AND created > :p3 ORDER BY created ASC LIMIT 1
2018-05-08 17:32:30:186 DEBUG - [ nio-worker@ thread-7 ] c.b.j.c.ActiveRecord      | ⬢ Parameters  => [post, publish, 1487861184]
2018-05-08 17:32:30:189 INFO - [ nio-worker@ thread-7 ] j.t.JetTemplateImpl       | Loading template: themes/default/partial/comments.html
2018-05-08 17:32:30:196 DEBUG - [ nio-worker@ thread-7 ] c.b.j.c.ActiveRecord      | ⬢ Execute SQL => SELECT COUNT(0) FROM (SELECT * FROM t_comments WHERE cid = :p1 AND parent = :p2) tmp
2018-05-08 17:32:30:196 DEBUG - [ nio-worker@ thread-7 ] c.b.j.c.ActiveRecord      | ⬢ Parameters  => [2, 0]
2018-05-08 17:32:30:198 DEBUG - [ nio-worker@ thread-7 ] c.b.j.c.ActiveRecord      | ⬢ Execute SQL => SELECT * FROM t_comments WHERE cid = :p1 AND parent = :p2 ORDER BY coid desc LIMIT 0, 6
2018-05-08 17:32:30:198 DEBUG - [ nio-worker@ thread-7 ] c.b.j.c.ActiveRecord      | ⬢ Parameters  => [2, 0]
2018-05-08 17:32:30:200 INFO - [ nio-worker@ thread-7 ] j.t.JetTemplateImpl       | Loading template: /comm/tale_comment.html
2018-05-08 17:32:30:201 DEBUG - [ nio-worker@ thread-7 ] c.b.j.c.ActiveRecord      | ⬢ Execute SQL => SELECT COUNT(0) FROM (SELECT * FROM t_contents WHERE status = :p1 AND type = :p2) tmp
2018-05-08 17:32:30:201 DEBUG - [ nio-worker@ thread-7 ] c.b.j.c.ActiveRecord      | ⬢ Parameters  => [publish, post]
2018-05-08 17:32:30:203 DEBUG - [ nio-worker@ thread-7 ] c.b.j.c.ActiveRecord      | ⬢ Execute SQL => SELECT * FROM t_contents WHERE status = :p1 AND type = :p2 ORDER BY created desc LIMIT 0, 8
2018-05-08 17:32:30:203 DEBUG - [ nio-worker@ thread-7 ] c.b.j.c.ActiveRecord      | ⬢ Parameters  => [publish, post]
2018-05-08 17:32:30:205 DEBUG - [ nio-worker@ thread-7 ] c.b.j.c.ActiveRecord      | ⬢ Execute SQL => SELECT COUNT(0) FROM (SELECT * FROM t_comments) tmp
2018-05-08 17:32:30:205 DEBUG - [ nio-worker@ thread-7 ] c.b.j.c.ActiveRecord      | ⬢ Parameters  => []
2018-05-08 17:32:30:208 DEBUG - [ nio-worker@ thread-7 ] c.b.j.c.ActiveRecord      | ⬢ Execute SQL => SELECT * FROM t_comments ORDER BY created desc LIMIT 0, 8
2018-05-08 17:32:30:208 DEBUG - [ nio-worker@ thread-7 ] c.b.j.c.ActiveRecord      | ⬢ Parameters  => []
2018-05-08 17:32:56:079 INFO - [ nio-worker@ thread-7 ] c.b.m.h.RequestExecution  | HTTP/1.1	POST	/comment
2018-05-08 17:32:56:082 INFO - [ nio-worker@ thread-7 ] c.t.h.BaseWebHook         | UserAgent: Mozilla/5.0 (Windows NT 6.3; WOW64; Trident/7.0; rv:11.0) like Gecko
2018-05-08 17:32:56:082 INFO - [ nio-worker@ thread-7 ] c.t.h.BaseWebHook         | 用户访问地址: /comment, 来路地址: 127.0.0.1
2018-05-08 17:32:56:085 DEBUG - [ nio-worker@ thread-7 ] c.b.j.c.ActiveRecord      | ⬢ Execute SQL => SELECT * FROM t_contents WHERE cid = :p1
2018-05-08 17:32:56:085 DEBUG - [ nio-worker@ thread-7 ] c.b.j.c.ActiveRecord      | ⬢ Parameters  => [2]
2018-05-08 17:32:56:087 DEBUG - [ nio-worker@ thread-7 ] c.b.j.c.ActiveRecord      | ⬢ Execute SQL => INSERT INTO t_comments (cid, created, author, owner_id, mail, url, ip, content) VALUES (:cid, :created, :author, :owner_id, :mail, :url, :ip, :content)
2018-05-08 17:32:56:132 DEBUG - [ nio-worker@ thread-7 ] c.b.j.c.ActiveRecord      | ⬢ Execute SQL => UPDATE t_contents SET comments_num = :p1 WHERE cid = :p2
2018-05-08 17:32:56:132 DEBUG - [ nio-worker@ thread-7 ] c.b.j.c.ActiveRecord      | ⬢ Parameters  => [1, 2]
2018-05-08 17:32:56:214 INFO - [ nio-worker@ thread-7 ] c.b.m.h.RequestExecution  | HTTP/1.1	GET	/article/2
2018-05-08 17:32:56:215 INFO - [ nio-worker@ thread-7 ] c.t.h.BaseWebHook         | UserAgent: Mozilla/5.0 (Windows NT 6.3; WOW64; Trident/7.0; rv:11.0) like Gecko
2018-05-08 17:32:56:215 INFO - [ nio-worker@ thread-7 ] c.t.h.BaseWebHook         | 用户访问地址: /article/2, 来路地址: 127.0.0.1
2018-05-08 17:32:56:217 DEBUG - [ nio-worker@ thread-7 ] c.b.j.c.ActiveRecord      | ⬢ Execute SQL => SELECT * FROM t_contents WHERE cid = :p1
2018-05-08 17:32:56:217 DEBUG - [ nio-worker@ thread-7 ] c.b.j.c.ActiveRecord      | ⬢ Parameters  => [2]
2018-05-08 17:32:56:218 DEBUG - [ nio-worker@ thread-7 ] c.b.j.c.ActiveRecord      | ⬢ Execute SQL => UPDATE t_contents SET hits = :p1 WHERE cid = :p2
2018-05-08 17:32:56:218 DEBUG - [ nio-worker@ thread-7 ] c.b.j.c.ActiveRecord      | ⬢ Parameters  => [12, 2]
2018-05-08 17:32:56:294 DEBUG - [ nio-worker@ thread-7 ] c.b.j.c.ActiveRecord      | ⬢ Execute SQL => SELECT * FROM t_contents WHERE type = :p1 AND status = :p2 AND created < :p3 ORDER BY created DESC LIMIT 1
2018-05-08 17:32:56:294 DEBUG - [ nio-worker@ thread-7 ] c.b.j.c.ActiveRecord      | ⬢ Parameters  => [post, publish, 1487861184]
2018-05-08 17:32:56:296 DEBUG - [ nio-worker@ thread-7 ] c.b.j.c.ActiveRecord      | ⬢ Execute SQL => SELECT * FROM t_contents WHERE type = :p1 AND status = :p2 AND created > :p3 ORDER BY created ASC LIMIT 1
2018-05-08 17:32:56:296 DEBUG - [ nio-worker@ thread-7 ] c.b.j.c.ActiveRecord      | ⬢ Parameters  => [post, publish, 1487861184]
2018-05-08 17:32:56:298 DEBUG - [ nio-worker@ thread-7 ] c.b.j.c.ActiveRecord      | ⬢ Execute SQL => SELECT COUNT(0) FROM (SELECT * FROM t_comments WHERE cid = :p1 AND parent = :p2) tmp
2018-05-08 17:32:56:298 DEBUG - [ nio-worker@ thread-7 ] c.b.j.c.ActiveRecord      | ⬢ Parameters  => [2, 0]
2018-05-08 17:32:56:300 DEBUG - [ nio-worker@ thread-7 ] c.b.j.c.ActiveRecord      | ⬢ Execute SQL => SELECT * FROM t_comments WHERE cid = :p1 AND parent = :p2 ORDER BY coid desc LIMIT 0, 6
2018-05-08 17:32:56:300 DEBUG - [ nio-worker@ thread-7 ] c.b.j.c.ActiveRecord      | ⬢ Parameters  => [2, 0]
2018-05-08 17:32:56:304 DEBUG - [ nio-worker@ thread-7 ] c.b.j.c.ActiveRecord      | ⬢ Execute SQL => SELECT * FROM t_comments WHERE parent = :p1 ORDER BY coid ASC
2018-05-08 17:32:56:304 DEBUG - [ nio-worker@ thread-7 ] c.b.j.c.ActiveRecord      | ⬢ Parameters  => [1]
2018-05-08 17:32:56:306 DEBUG - [ nio-worker@ thread-7 ] c.b.j.c.ActiveRecord      | ⬢ Execute SQL => SELECT COUNT(0) FROM (SELECT * FROM t_comments WHERE cid = :p1 AND parent = :p2) tmp
2018-05-08 17:32:56:306 DEBUG - [ nio-worker@ thread-7 ] c.b.j.c.ActiveRecord      | ⬢ Parameters  => [2, 0]
2018-05-08 17:32:56:307 DEBUG - [ nio-worker@ thread-7 ] c.b.j.c.ActiveRecord      | ⬢ Execute SQL => SELECT * FROM t_comments WHERE cid = :p1 AND parent = :p2 ORDER BY coid desc LIMIT 0, 6
2018-05-08 17:32:56:308 DEBUG - [ nio-worker@ thread-7 ] c.b.j.c.ActiveRecord      | ⬢ Parameters  => [2, 0]
2018-05-08 17:32:56:309 DEBUG - [ nio-worker@ thread-7 ] c.b.j.c.ActiveRecord      | ⬢ Execute SQL => SELECT * FROM t_comments WHERE parent = :p1 ORDER BY coid ASC
2018-05-08 17:32:56:309 DEBUG - [ nio-worker@ thread-7 ] c.b.j.c.ActiveRecord      | ⬢ Parameters  => [1]
2018-05-08 17:32:56:315 DEBUG - [ nio-worker@ thread-7 ] c.b.j.c.ActiveRecord      | ⬢ Execute SQL => SELECT COUNT(0) FROM (SELECT * FROM t_contents WHERE status = :p1 AND type = :p2) tmp
2018-05-08 17:32:56:315 DEBUG - [ nio-worker@ thread-7 ] c.b.j.c.ActiveRecord      | ⬢ Parameters  => [publish, post]
2018-05-08 17:32:56:317 DEBUG - [ nio-worker@ thread-7 ] c.b.j.c.ActiveRecord      | ⬢ Execute SQL => SELECT * FROM t_contents WHERE status = :p1 AND type = :p2 ORDER BY created desc LIMIT 0, 8
2018-05-08 17:32:56:317 DEBUG - [ nio-worker@ thread-7 ] c.b.j.c.ActiveRecord      | ⬢ Parameters  => [publish, post]
2018-05-08 17:32:56:319 DEBUG - [ nio-worker@ thread-7 ] c.b.j.c.ActiveRecord      | ⬢ Execute SQL => SELECT COUNT(0) FROM (SELECT * FROM t_comments) tmp
2018-05-08 17:32:56:319 DEBUG - [ nio-worker@ thread-7 ] c.b.j.c.ActiveRecord      | ⬢ Parameters  => []
2018-05-08 17:32:56:320 DEBUG - [ nio-worker@ thread-7 ] c.b.j.c.ActiveRecord      | ⬢ Execute SQL => SELECT * FROM t_comments ORDER BY created desc LIMIT 0, 8
2018-05-08 17:32:56:320 DEBUG - [ nio-worker@ thread-7 ] c.b.j.c.ActiveRecord      | ⬢ Parameters  => []
2018-05-08 17:32:56:331 INFO - [ nio-worker@ thread-7 ] c.b.s.n.StaticFileHandler | HTTP/1.1	GET	/templates/themes/default/static/css/xcode.min.css
2018-05-08 17:32:56:338 INFO - [ nio-worker@ thread-7 ] c.b.s.n.StaticFileHandler | HTTP/1.1	GET	/templates/themes/default/static/css/style.min.css
2018-05-08 17:32:56:348 INFO - [ nio-worker@ thread-7 ] c.b.s.n.StaticFileHandler | HTTP/1.1	GET	/static/admin/plugins/jquery/3.2.1/jquery.min.js
2018-05-08 17:32:56:370 INFO - [ nio-worker@ thread-7 ] c.b.s.n.StaticFileHandler | HTTP/1.1	GET	/templates/themes/default/static/img/logo.png
2018-05-08 17:32:56:381 INFO - [ nio-worker@ thread-7 ] c.b.s.n.StaticFileHandler | HTTP/1.1	GET	/templates/themes/default/static/js/headroom.min.js
2018-05-08 17:32:56:435 INFO - [ nio-worker@ thread-7 ] c.b.s.n.StaticFileHandler | HTTP/1.1	GET	/templates/themes/default/static/js/instantclick.min.js
2018-05-08 17:33:05:150 INFO - [ nio-worker@ thread-2 ] c.b.m.h.RequestExecution  | HTTP/1.1	GET	/admin/comments
2018-05-08 17:33:05:150 INFO - [ nio-worker@ thread-2 ] c.t.h.BaseWebHook         | UserAgent: Mozilla/5.0 (Windows NT 6.3; WOW64; Trident/7.0; rv:11.0) like Gecko
2018-05-08 17:33:05:150 INFO - [ nio-worker@ thread-2 ] c.t.h.BaseWebHook         | 用户访问地址: /admin/comments, 来路地址: 127.0.0.1
2018-05-08 17:33:05:151 DEBUG - [ nio-worker@ thread-2 ] c.b.j.c.ActiveRecord      | ⬢ Execute SQL => SELECT COUNT(0) FROM (SELECT * FROM t_comments WHERE author_id <> :p1) tmp
2018-05-08 17:33:05:151 DEBUG - [ nio-worker@ thread-2 ] c.b.j.c.ActiveRecord      | ⬢ Parameters  => [1]
2018-05-08 17:33:05:153 DEBUG - [ nio-worker@ thread-2 ] c.b.j.c.ActiveRecord      | ⬢ Execute SQL => SELECT * FROM t_comments WHERE author_id <> :p1 LIMIT 0, 15
2018-05-08 17:33:05:153 DEBUG - [ nio-worker@ thread-2 ] c.b.j.c.ActiveRecord      | ⬢ Parameters  => [1]
2018-05-08 17:33:05:192 INFO - [ nio-worker@ thread-2 ] c.b.s.n.StaticFileHandler | HTTP/1.1	GET	/static/admin/plugins/font-awesome/4.7.0/css/font-awesome.min.css
2018-05-08 17:33:05:193 INFO - [ nio-worker@ thread-3 ] c.b.s.n.StaticFileHandler | HTTP/1.1	GET	/static/admin/css/style.min.css
2018-05-08 17:33:05:195 INFO - [ nio-worker@ thread-5 ] c.b.s.n.StaticFileHandler | HTTP/1.1	GET	/static/admin/images/unicorn.png
2018-05-08 17:33:05:200 INFO - [ nio-worker@ thread-5 ] c.b.s.n.StaticFileHandler | HTTP/1.1	GET	/static/admin/js/jquery.app.js
2018-05-08 17:33:05:267 INFO - [ nio-worker@ thread-5 ] c.b.s.n.StaticFileHandler | HTTP/1.1	GET	/static/admin/plugins/font-awesome/4.7.0/fonts/fontawesome-webfont.eot
2018-05-08 17:33:17:241 INFO - [ nio-worker@ thread-5 ] c.b.m.h.RequestExecution  | HTTP/1.1	GET	/admin/category
2018-05-08 17:33:17:242 INFO - [ nio-worker@ thread-5 ] c.t.h.BaseWebHook         | UserAgent: Mozilla/5.0 (Windows NT 6.3; WOW64; Trident/7.0; rv:11.0) like Gecko
2018-05-08 17:33:17:242 INFO - [ nio-worker@ thread-5 ] c.t.h.BaseWebHook         | 用户访问地址: /admin/category, 来路地址: 127.0.0.1
2018-05-08 17:33:17:243 DEBUG - [ nio-worker@ thread-5 ] c.b.j.c.ActiveRecord      | ⬢ Execute SQL => select a.*, count(b.cid) as count from t_metas a left join `t_relationships` b on a.mid = b.mid where a.type = :p1 group by a.mid order by count desc, a.mid desc limit :p2
2018-05-08 17:33:17:243 DEBUG - [ nio-worker@ thread-5 ] c.b.j.c.ActiveRecord      | ⬢ Parameters  => [category, 9999]
2018-05-08 17:33:17:248 DEBUG - [ nio-worker@ thread-5 ] c.b.j.c.ActiveRecord      | ⬢ Execute SQL => select a.*, count(b.cid) as count from t_metas a left join `t_relationships` b on a.mid = b.mid where a.type = :p1 group by a.mid order by count desc, a.mid desc limit :p2
2018-05-08 17:33:17:248 DEBUG - [ nio-worker@ thread-5 ] c.b.j.c.ActiveRecord      | ⬢ Parameters  => [tag, 9999]
2018-05-08 17:33:17:250 INFO - [ nio-worker@ thread-5 ] j.t.JetTemplateImpl       | Loading template: admin/category.html
2018-05-08 17:33:17:257 INFO - [ nio-worker@ thread-5 ] c.b.s.n.StaticFileHandler | HTTP/1.1	GET	/static/admin/plugins/bootstrap/3.3.7/css/bootstrap.min.css
2018-05-08 17:33:17:258 INFO - [ nio-worker@ thread-2 ] c.b.s.n.StaticFileHandler | HTTP/1.1	GET	/static/admin/plugins/limonte-sweetalert2/6.4.1/sweetalert2.min.css
2018-05-08 17:33:17:262 INFO - [ nio-worker@ thread-3 ] c.b.s.n.StaticFileHandler | HTTP/1.1	GET	/static/admin/plugins/bootstrap/3.3.7/js/bootstrap.min.js
2018-05-08 17:33:17:263 INFO - [ nio-worker@ thread-6 ] c.b.s.n.StaticFileHandler | HTTP/1.1	GET	/static/admin/plugins/limonte-sweetalert2/6.4.1/sweetalert2.min.js
2018-05-08 17:33:17:265 INFO - [ nio-worker@ thread-7 ] c.b.s.n.StaticFileHandler | HTTP/1.1	GET	/static/admin/js/base.js
2018-05-08 17:33:18:381 INFO - [ nio-worker@ thread-3 ] c.b.m.h.RequestExecution  | HTTP/1.1	GET	/admin/template
2018-05-08 17:33:18:381 INFO - [ nio-worker@ thread-3 ] c.t.h.BaseWebHook         | UserAgent: Mozilla/5.0 (Windows NT 6.3; WOW64; Trident/7.0; rv:11.0) like Gecko
2018-05-08 17:33:18:381 INFO - [ nio-worker@ thread-3 ] c.t.h.BaseWebHook         | 用户访问地址: /admin/template, 来路地址: 127.0.0.1
